<!doctype html>
<html lang="en"><head><meta charSet="utf-8"/><meta http-equiv="X-UA-Compatible" content="IE=edge"/><meta name="viewport" content="width=device-width, initial-scale=1"/><title>Mochawesome Report</title><link rel="stylesheet" href="assets\app.css"/></head><body data-raw="{&quot;stats&quot;:{&quot;suites&quot;:1,&quot;tests&quot;:3,&quot;passes&quot;:0,&quot;pending&quot;:0,&quot;failures&quot;:3,&quot;start&quot;:&quot;2024-02-19T12:26:49.717Z&quot;,&quot;end&quot;:&quot;2024-02-19T12:26:50.997Z&quot;,&quot;duration&quot;:1280,&quot;testsRegistered&quot;:3,&quot;passPercent&quot;:0,&quot;pendingPercent&quot;:0,&quot;other&quot;:0,&quot;hasOther&quot;:false,&quot;skipped&quot;:0,&quot;hasSkipped&quot;:false},&quot;results&quot;:[{&quot;uuid&quot;:&quot;32464525-9d9c-49bd-adca-ee1e11d52c56&quot;,&quot;title&quot;:&quot;&quot;,&quot;fullFile&quot;:&quot;E:\\Bootcamp Digital Skola\\Tugas 7 last\\testexplorer\\testcase\\testcasefunction2.js&quot;,&quot;file&quot;:&quot;\\testexplorer\\testcase\\testcasefunction2.js&quot;,&quot;beforeHooks&quot;:[],&quot;afterHooks&quot;:[],&quot;tests&quot;:[],&quot;suites&quot;:[{&quot;uuid&quot;:&quot;6673667c-4f3b-4a2b-a29a-1ac85ca907c0&quot;,&quot;title&quot;:&quot;testing API Restful&quot;,&quot;fullFile&quot;:&quot;E:\\Bootcamp Digital Skola\\Tugas 7 last\\testexplorer\\testcase\\testcasefunction2.js&quot;,&quot;file&quot;:&quot;\\testexplorer\\testcase\\testcasefunction2.js&quot;,&quot;beforeHooks&quot;:[],&quot;afterHooks&quot;:[],&quot;tests&quot;:[{&quot;title&quot;:&quot;test GET from function&quot;,&quot;fullTitle&quot;:&quot;testing API Restful test GET from function&quot;,&quot;timedOut&quot;:false,&quot;duration&quot;:4,&quot;state&quot;:&quot;failed&quot;,&quot;pass&quot;:false,&quot;fail&quot;:true,&quot;pending&quot;:false,&quot;code&quot;:&quot;await getMethod();&quot;,&quot;err&quot;:{&quot;message&quot;:&quot;ReferenceError: path is not defined&quot;,&quot;estack&quot;:&quot;ReferenceError: path is not defined\n    at getMethod (testexplorer\\apiserver\\apiobjects.js:8:25)\n    at Context.&lt;anonymous&gt; (testexplorer\\testcase\\testcasefunction2.js:8:15)\n    at process.processImmediate (node:internal/timers:478:21)&quot;},&quot;uuid&quot;:&quot;50c11e1d-03e3-4ddb-a08e-f7e2ffbe9fcf&quot;,&quot;parentUUID&quot;:&quot;6673667c-4f3b-4a2b-a29a-1ac85ca907c0&quot;,&quot;isHook&quot;:false,&quot;skipped&quot;:false},{&quot;title&quot;:&quot;test POST from function&quot;,&quot;fullTitle&quot;:&quot;testing API Restful test POST from function&quot;,&quot;timedOut&quot;:false,&quot;duration&quot;:634,&quot;state&quot;:&quot;failed&quot;,&quot;pass&quot;:false,&quot;fail&quot;:true,&quot;pending&quot;:false,&quot;code&quot;:&quot;await postMethod(id);&quot;,&quot;err&quot;:{&quot;message&quot;:&quot;TypeError: Cannot read properties of undefined (reading &#x27;model&#x27;)&quot;,&quot;estack&quot;:&quot;TypeError: Cannot read properties of undefined (reading &#x27;model&#x27;)\n    at postMethod (testexplorer\\apiserver\\apiobjects.js:41:35)\n    at process.processTicksAndRejections (node:internal/process/task_queues:95:5)\n    at async Context.&lt;anonymous&gt; (testexplorer\\testcase\\testcasefunction2.js:11:10)&quot;},&quot;uuid&quot;:&quot;1f596e80-4545-4773-848f-a24f44e2cdc5&quot;,&quot;parentUUID&quot;:&quot;6673667c-4f3b-4a2b-a29a-1ac85ca907c0&quot;,&quot;isHook&quot;:false,&quot;skipped&quot;:false},{&quot;title&quot;:&quot;test DELETE from function&quot;,&quot;fullTitle&quot;:&quot;testing API Restful test DELETE from function&quot;,&quot;timedOut&quot;:false,&quot;duration&quot;:533,&quot;state&quot;:&quot;failed&quot;,&quot;pass&quot;:false,&quot;fail&quot;:true,&quot;pending&quot;:false,&quot;code&quot;:&quot;await deleteMethod(id);&quot;,&quot;err&quot;:{&quot;message&quot;:&quot;AssertionError: expected undefined to equal &#x27;object with id = undefined has been d…&#x27;&quot;,&quot;estack&quot;:&quot;AssertionError: expected undefined to equal &#x27;object with id = undefined has been d…&#x27;\n    at deleteMethod (testexplorer\\apiserver\\apiobjects.js:54:38)\n    at process.processTicksAndRejections (node:internal/process/task_queues:95:5)\n    at async Context.&lt;anonymous&gt; (testexplorer\\testcase\\testcasefunction2.js:14:9)&quot;},&quot;uuid&quot;:&quot;11e7a411-3f20-4dfa-b736-07f80c49fd44&quot;,&quot;parentUUID&quot;:&quot;6673667c-4f3b-4a2b-a29a-1ac85ca907c0&quot;,&quot;isHook&quot;:false,&quot;skipped&quot;:false}],&quot;suites&quot;:[],&quot;passes&quot;:[],&quot;failures&quot;:[&quot;50c11e1d-03e3-4ddb-a08e-f7e2ffbe9fcf&quot;,&quot;1f596e80-4545-4773-848f-a24f44e2cdc5&quot;,&quot;11e7a411-3f20-4dfa-b736-07f80c49fd44&quot;],&quot;pending&quot;:[],&quot;skipped&quot;:[],&quot;duration&quot;:1171,&quot;root&quot;:false,&quot;rootEmpty&quot;:false,&quot;_timeout&quot;:5000}],&quot;passes&quot;:[],&quot;failures&quot;:[],&quot;pending&quot;:[],&quot;skipped&quot;:[],&quot;duration&quot;:0,&quot;root&quot;:true,&quot;rootEmpty&quot;:true,&quot;_timeout&quot;:5000}],&quot;meta&quot;:{&quot;mocha&quot;:{&quot;version&quot;:&quot;10.3.0&quot;},&quot;mochawesome&quot;:{&quot;options&quot;:{&quot;quiet&quot;:false,&quot;reportFilename&quot;:&quot;[status]_[datetime]-[name]-report&quot;,&quot;saveHtml&quot;:true,&quot;saveJson&quot;:false,&quot;consoleReporter&quot;:&quot;spec&quot;,&quot;useInlineDiffs&quot;:false,&quot;code&quot;:true},&quot;version&quot;:&quot;7.1.3&quot;},&quot;marge&quot;:{&quot;options&quot;:{&quot;reportDir&quot;:&quot;Report&quot;,&quot;reportFilename&quot;:&quot;[status]_[datetime]-[name]-report&quot;,&quot;html&quot;:&quot;true&quot;,&quot;json&quot;:&quot;false&quot;,&quot;overwrite&quot;:&quot;false&quot;,&quot;timestamp&quot;:&quot;longDate&quot;},&quot;version&quot;:&quot;6.2.0&quot;}}}" data-config="{&quot;reportFilename&quot;:&quot;[status]_[datetime]-[name]-report&quot;,&quot;reportDir&quot;:&quot;Report&quot;,&quot;reportTitle&quot;:&quot;Tugas 7 last&quot;,&quot;reportPageTitle&quot;:&quot;Mochawesome Report&quot;,&quot;inline&quot;:false,&quot;inlineAssets&quot;:false,&quot;cdn&quot;:false,&quot;charts&quot;:false,&quot;enableCharts&quot;:false,&quot;code&quot;:true,&quot;enableCode&quot;:true,&quot;autoOpen&quot;:false,&quot;overwrite&quot;:false,&quot;timestamp&quot;:&quot;longDate&quot;,&quot;ts&quot;:&quot;longDate&quot;,&quot;showPassed&quot;:true,&quot;showFailed&quot;:true,&quot;showPending&quot;:true,&quot;showSkipped&quot;:false,&quot;showHooks&quot;:&quot;failed&quot;,&quot;saveJson&quot;:false,&quot;saveHtml&quot;:true,&quot;dev&quot;:false,&quot;assetsDir&quot;:&quot;Report\\assets&quot;,&quot;htmlFile&quot;:&quot;E:\\Bootcamp Digital Skola\\Tugas 7 last\\Report\\fail_February_19_2024-testcasefunction2-report.html&quot;}"><div id="report"></div><script src="assets\app.js"></script></body></html>