<!doctype html>
<html lang="en"><head><meta charSet="utf-8"/><meta http-equiv="X-UA-Compatible" content="IE=edge"/><meta name="viewport" content="width=device-width, initial-scale=1"/><title>Mochawesome Report</title><link rel="stylesheet" href="assets\app.css"/></head><body data-raw="{&quot;stats&quot;:{&quot;suites&quot;:1,&quot;tests&quot;:3,&quot;passes&quot;:0,&quot;pending&quot;:0,&quot;failures&quot;:3,&quot;start&quot;:&quot;2024-02-19T12:22:34.405Z&quot;,&quot;end&quot;:&quot;2024-02-19T12:22:35.867Z&quot;,&quot;duration&quot;:1462,&quot;testsRegistered&quot;:3,&quot;passPercent&quot;:0,&quot;pendingPercent&quot;:0,&quot;other&quot;:0,&quot;hasOther&quot;:false,&quot;skipped&quot;:0,&quot;hasSkipped&quot;:false},&quot;results&quot;:[{&quot;uuid&quot;:&quot;055a91e3-cc65-45f8-9331-7650f2900321&quot;,&quot;title&quot;:&quot;&quot;,&quot;fullFile&quot;:&quot;E:\\Bootcamp Digital Skola\\Tugas 7 last\\testexplorer\\testcase\\testcasefunction2.js&quot;,&quot;file&quot;:&quot;\\testexplorer\\testcase\\testcasefunction2.js&quot;,&quot;beforeHooks&quot;:[],&quot;afterHooks&quot;:[],&quot;tests&quot;:[],&quot;suites&quot;:[{&quot;uuid&quot;:&quot;0d2d2383-120f-4731-a481-c1e9b8ffaaee&quot;,&quot;title&quot;:&quot;testing API Restful&quot;,&quot;fullFile&quot;:&quot;E:\\Bootcamp Digital Skola\\Tugas 7 last\\testexplorer\\testcase\\testcasefunction2.js&quot;,&quot;file&quot;:&quot;\\testexplorer\\testcase\\testcasefunction2.js&quot;,&quot;beforeHooks&quot;:[],&quot;afterHooks&quot;:[],&quot;tests&quot;:[{&quot;title&quot;:&quot;test GET from function&quot;,&quot;fullTitle&quot;:&quot;testing API Restful test GET from function&quot;,&quot;timedOut&quot;:false,&quot;duration&quot;:21,&quot;state&quot;:&quot;failed&quot;,&quot;pass&quot;:false,&quot;fail&quot;:true,&quot;pending&quot;:false,&quot;code&quot;:&quot;await getMethod();&quot;,&quot;err&quot;:{&quot;message&quot;:&quot;ReferenceError: path is not defined&quot;,&quot;estack&quot;:&quot;ReferenceError: path is not defined\n    at getMethod (testexplorer\\apiserver\\apiobjects.js:8:25)\n    at Context.&lt;anonymous&gt; (testexplorer\\testcase\\testcasefunction2.js:8:15)\n    at process.processImmediate (node:internal/timers:478:21)&quot;},&quot;uuid&quot;:&quot;a4bb793f-95da-488e-a578-dab31e78a29c&quot;,&quot;parentUUID&quot;:&quot;0d2d2383-120f-4731-a481-c1e9b8ffaaee&quot;,&quot;isHook&quot;:false,&quot;skipped&quot;:false},{&quot;title&quot;:&quot;test POST from function&quot;,&quot;fullTitle&quot;:&quot;testing API Restful test POST from function&quot;,&quot;timedOut&quot;:false,&quot;duration&quot;:885,&quot;state&quot;:&quot;failed&quot;,&quot;pass&quot;:false,&quot;fail&quot;:true,&quot;pending&quot;:false,&quot;code&quot;:&quot;await postMethod(id);&quot;,&quot;err&quot;:{&quot;message&quot;:&quot;AssertionError: expected 2019 to equal &#x27;2019&#x27;&quot;,&quot;estack&quot;:&quot;AssertionError: expected 2019 to equal &#x27;2019&#x27;\n    at postMethod (testexplorer\\apiserver\\apiobjects.js:39:40)\n    at process.processTicksAndRejections (node:internal/process/task_queues:95:5)\n    at async Context.&lt;anonymous&gt; (testexplorer\\testcase\\testcasefunction2.js:11:10)&quot;},&quot;uuid&quot;:&quot;c69c2b83-9b7a-4f79-80fe-2add34f7d828&quot;,&quot;parentUUID&quot;:&quot;0d2d2383-120f-4731-a481-c1e9b8ffaaee&quot;,&quot;isHook&quot;:false,&quot;skipped&quot;:false},{&quot;title&quot;:&quot;test DELETE from function&quot;,&quot;fullTitle&quot;:&quot;testing API Restful test DELETE from function&quot;,&quot;timedOut&quot;:false,&quot;duration&quot;:475,&quot;state&quot;:&quot;failed&quot;,&quot;pass&quot;:false,&quot;fail&quot;:true,&quot;pending&quot;:false,&quot;code&quot;:&quot;await deleteMethod(id);&quot;,&quot;err&quot;:{&quot;message&quot;:&quot;AssertionError: expected undefined to equal &#x27;object with id = undefined has been d…&#x27;&quot;,&quot;estack&quot;:&quot;AssertionError: expected undefined to equal &#x27;object with id = undefined has been d…&#x27;\n    at deleteMethod (testexplorer\\apiserver\\apiobjects.js:54:38)\n    at process.processTicksAndRejections (node:internal/process/task_queues:95:5)\n    at async Context.&lt;anonymous&gt; (testexplorer\\testcase\\testcasefunction2.js:14:9)&quot;},&quot;uuid&quot;:&quot;48d2e9db-8f07-4c7e-a39e-1eed8f7b7448&quot;,&quot;parentUUID&quot;:&quot;0d2d2383-120f-4731-a481-c1e9b8ffaaee&quot;,&quot;isHook&quot;:false,&quot;skipped&quot;:false}],&quot;suites&quot;:[],&quot;passes&quot;:[],&quot;failures&quot;:[&quot;a4bb793f-95da-488e-a578-dab31e78a29c&quot;,&quot;c69c2b83-9b7a-4f79-80fe-2add34f7d828&quot;,&quot;48d2e9db-8f07-4c7e-a39e-1eed8f7b7448&quot;],&quot;pending&quot;:[],&quot;skipped&quot;:[],&quot;duration&quot;:1381,&quot;root&quot;:false,&quot;rootEmpty&quot;:false,&quot;_timeout&quot;:5000}],&quot;passes&quot;:[],&quot;failures&quot;:[],&quot;pending&quot;:[],&quot;skipped&quot;:[],&quot;duration&quot;:0,&quot;root&quot;:true,&quot;rootEmpty&quot;:true,&quot;_timeout&quot;:5000}],&quot;meta&quot;:{&quot;mocha&quot;:{&quot;version&quot;:&quot;10.3.0&quot;},&quot;mochawesome&quot;:{&quot;options&quot;:{&quot;quiet&quot;:false,&quot;reportFilename&quot;:&quot;[status]_[datetime]-[name]-report&quot;,&quot;saveHtml&quot;:true,&quot;saveJson&quot;:false,&quot;consoleReporter&quot;:&quot;spec&quot;,&quot;useInlineDiffs&quot;:false,&quot;code&quot;:true},&quot;version&quot;:&quot;7.1.3&quot;},&quot;marge&quot;:{&quot;options&quot;:{&quot;reportDir&quot;:&quot;Report&quot;,&quot;reportFilename&quot;:&quot;[status]_[datetime]-[name]-report&quot;,&quot;html&quot;:&quot;true&quot;,&quot;json&quot;:&quot;false&quot;,&quot;overwrite&quot;:&quot;false&quot;,&quot;timestamp&quot;:&quot;longDate&quot;},&quot;version&quot;:&quot;6.2.0&quot;}}}" data-config="{&quot;reportFilename&quot;:&quot;[status]_[datetime]-[name]-report&quot;,&quot;reportDir&quot;:&quot;Report&quot;,&quot;reportTitle&quot;:&quot;Tugas 7 last&quot;,&quot;reportPageTitle&quot;:&quot;Mochawesome Report&quot;,&quot;inline&quot;:false,&quot;inlineAssets&quot;:false,&quot;cdn&quot;:false,&quot;charts&quot;:false,&quot;enableCharts&quot;:false,&quot;code&quot;:true,&quot;enableCode&quot;:true,&quot;autoOpen&quot;:false,&quot;overwrite&quot;:false,&quot;timestamp&quot;:&quot;longDate&quot;,&quot;ts&quot;:&quot;longDate&quot;,&quot;showPassed&quot;:true,&quot;showFailed&quot;:true,&quot;showPending&quot;:true,&quot;showSkipped&quot;:false,&quot;showHooks&quot;:&quot;failed&quot;,&quot;saveJson&quot;:false,&quot;saveHtml&quot;:true,&quot;dev&quot;:false,&quot;assetsDir&quot;:&quot;Report\\assets&quot;,&quot;htmlFile&quot;:&quot;E:\\Bootcamp Digital Skola\\Tugas 7 last\\Report\\fail_February_19_2024-testcasefunction2-report.html&quot;}"><div id="report"></div><script src="assets\app.js"></script></body></html>